<?xml version="1.0" encoding="UTF-8" ?>
<testsuite errors="0" failures="1" hostname="DESKTOP-8TQRJNK" name="com.exed.arcmtesting.testes.auditoria.TestarFluxoDeApontamento" skipped="0" tests="1" time="27.075" timestamp="2018-05-02T20:39:20">
  <properties>
[...]
</properties>
  <testcase classname="com.exed.arcmtesting.testes.auditoria.TestarFluxoDeApontamento" name="criarApontamento" time="26.946">
    <failure type="junit.framework.AssertionFailedError">junit.framework.AssertionFailedError
	at com.exed.arcmtesting.testes.auditoria.TestarFluxoDeApontamento.criarApontamento(TestarFluxoDeApontamento.java:50)
</failure>
  </testcase>
  <system-out><![CDATA[]]></system-out>
  <system-err><![CDATA[1525293561903	geckodriver	INFO	geckodriver 0.20.1
1525293561918	geckodriver	INFO	Listening on 127.0.0.1:13988
1525293562792	mozrunner::runner	INFO	Running command: "C:\\Program Files (x86)\\Mozilla Firefox\\firefox.exe" "-marionette" "-profile" "C:\\Users\\rafes\\AppData\\Local\\Temp\\rust_mozprofile.64PWHD02DsPU"
1525293563382	addons.xpi	WARN	Error parsing extensions state: [Exception... "Component returned failure code: 0x80520012 (NS_ERROR_FILE_NOT_FOUND) [amIAddonManagerStartup.readStartupData]"  nsresult: "0x80520012 (NS_ERROR_FILE_NOT_FOUND)"  location: "JS frame :: resource://gre/modules/addons/XPIProvider.jsm :: loadExtensionState :: line 1554"  data: no] Stack trace: loadExtensionState()@resource://gre/modules/addons/XPIProvider.jsm:1554 < getInstallState()@resource://gre/modules/addons/XPIProvider.jsm:1589 < checkForChanges()@resource://gre/modules/addons/XPIProvider.jsm:3109 < startup()@resource://gre/modules/addons/XPIProvider.jsm:2188 < callProvider()@resource://gre/modules/AddonManager.jsm:269 < _startProvider()@resource://gre/modules/AddonManager.jsm:739 < startup()@resource://gre/modules/AddonManager.jsm:906 < startup()@resource://gre/modules/AddonManager.jsm:3090 < observe()@jar:file:///C:/Program%20Files%20(x86)/Mozilla%20Firefox/omni.ja!/components/addonManager.js:65
1525293564162	Marionette	INFO	Enabled via --marionette
[GFX1-]: PossiblyBrokenSurfaceSharing_UnexpectedAMDGPU
[GFX1-]: PossiblyBrokenSurfaceSharing_UnexpectedAMDGPU
[Child 23032] WARNING: pipe error: 109: file z:/build/build/src/ipc/chromium/src/chrome/common/ipc_channel_win.cc, line 346
[Child 23032] WARNING: pipe error: 109: file z:/build/build/src/ipc/chromium/src/chrome/common/ipc_channel_win.cc, line 346
1525293566464	Marionette	INFO	Listening on port 55690
[GFX1-]: PossiblyBrokenSurfaceSharing_UnexpectedAMDGPU
1525293566778	Marionette	WARN	TLS certificate errors will be ignored for this session
1525293566858	Marionette	DEBUG	Register listener.js for window 4294967297
mai 02, 2018 5:39:26 PM org.openqa.selenium.remote.ProtocolHandshake createSession
INFORMAÇÕES: Detected dialect: W3C
1525293566981	Marionette	DEBUG	Received DOM event "beforeunload" for "about:blank"
1525293567030	Marionette	DEBUG	Received DOM event "pagehide" for "about:blank"
1525293567030	Marionette	DEBUG	Received DOM event "unload" for "about:blank"
1525293567384	Marionette	DEBUG	Received DOM event "DOMContentLoaded" for "http://localhost:8080/arcm/login.jsp"
1525293567591	Marionette	DEBUG	Received DOM event "pageshow" for "http://localhost:8080/arcm/login.jsp"
1525293569213	Marionette	DEBUG	Canceled page load listener because no navigation has been detected
1525293570121	Marionette	DEBUG	Canceled page load listener because no navigation has been detected
1525293570235	Marionette	DEBUG	Received DOM event "beforeunload" for "http://localhost:8080/arcm/modules/dataexplorer.jsp?__windowId=fe514a81-cf70-4b29-930d-318338c0c081"
1525293570286	Marionette	DEBUG	Received DOM event "pagehide" for "http://localhost:8080/arcm/modules/dataexplorer.jsp?__windowId=fe514a81-cf70-4b29-930d-318338c0c081"
1525293570287	Marionette	DEBUG	Received DOM event "unload" for "http://localhost:8080/arcm/modules/dataexplorer.jsp?__windowId=fe514a81-cf70-4b29-930d-318338c0c081"
1525293570671	Marionette	DEBUG	Received DOM event "DOMContentLoaded" for "http://localhost:8080/arcm/list.do?__listName=MyIssueRelevantObjects&__commandId=init&__windowId=fe514a81-cf70-4b29-930d-318338c0c081"
1525293570792	Marionette	DEBUG	Received DOM event "pageshow" for "http://localhost:8080/arcm/list.do?__listName=MyIssueRelevantObjects&__commandId=init&__windowId=fe514a81-cf70-4b29-930d-318338c0c081"
1525293571469	Marionette	DEBUG	Canceled page load listener because no navigation has been detected
1525293571575	Marionette	DEBUG	Received DOM event "beforeunload" for "http://localhost:8080/arcm/list.do?__listName=MyIssueRelevantObjects&__commandId=init&__windowId=fe514a81-cf70-4b29-930d-318338c0c081"
1525293571640	Marionette	DEBUG	Received DOM event "pagehide" for "http://localhost:8080/arcm/list.do?__listName=MyIssueRelevantObjects&__commandId=init&__windowId=fe514a81-cf70-4b29-930d-318338c0c081"
1525293571640	Marionette	DEBUG	Received DOM event "unload" for "http://localhost:8080/arcm/list.do?__listName=MyIssueRelevantObjects&__commandId=init&__windowId=fe514a81-cf70-4b29-930d-318338c0c081"
1525293571758	Marionette	DEBUG	Received DOM event "DOMContentLoaded" for "http://localhost:8080/arcm/openFormsetAction.do?__objectType=issue&__windowId=fe514a81-cf70-4b29-930d-318338c0c081"
1525293571767	Marionette	DEBUG	Received observer notification "outer-window-destroyed" for "4294967312"
1525293572853	Marionette	DEBUG	Received DOM event "pageshow" for "http://localhost:8080/arcm/openFormsetAction.do?__objectType=issue&__windowId=fe514a81-cf70-4b29-930d-318338c0c081"
1525293573286	Marionette	DEBUG	Received DOM event "beforeunload" for "http://localhost:8080/arcm/object.do?__windowId=fe514a81-cf70-4b29-930d-318338c0c081&__commandId=cache&__objectType=issue&__formPage=1"
1525293573753	Marionette	DEBUG	Received DOM event "pagehide" for "http://localhost:8080/arcm/object.do?__windowId=fe514a81-cf70-4b29-930d-318338c0c081&__commandId=cache&__objectType=issue&__formPage=1"
1525293573756	Marionette	DEBUG	Received DOM event "unload" for "http://localhost:8080/arcm/object.do?__windowId=fe514a81-cf70-4b29-930d-318338c0c081&__commandId=cache&__objectType=issue&__formPage=1"
1525293574208	Marionette	DEBUG	Received DOM event "DOMContentLoaded" for "http://localhost:8080/arcm/object.do"
1525293574362	Marionette	DEBUG	Received DOM event "pageshow" for "http://localhost:8080/arcm/object.do"
1525293575634	Marionette	DEBUG	Received DOM event "beforeunload" for "http://localhost:8080/arcm/object.do"
1525293576137	Marionette	DEBUG	Received DOM event "pagehide" for "http://localhost:8080/arcm/object.do"
1525293576141	Marionette	DEBUG	Received DOM event "unload" for "http://localhost:8080/arcm/object.do"
1525293576648	Marionette	DEBUG	Received DOM event "DOMContentLoaded" for "http://localhost:8080/arcm/object.do"
1525293576782	Marionette	DEBUG	Received DOM event "pageshow" for "http://localhost:8080/arcm/object.do"
1525293577361	Marionette	DEBUG	Canceled page load listener because no navigation has been detected
1525293577517	Marionette	DEBUG	Register listener.js for window 4294967319
1525293579327	Marionette	DEBUG	Received DOM event "beforeunload" for "http://localhost:8080/arcm/list.do?__windowId=fe514a81-cf70-4b29-930d-318338c0c081&__commandId=initSelection&__listName=IssueReviewerSelection&__windowType=popup&__forwardAttribute=reviewers"
1525293579466	Marionette	DEBUG	Received DOM event "pagehide" for "http://localhost:8080/arcm/list.do?__windowId=fe514a81-cf70-4b29-930d-318338c0c081&__commandId=initSelection&__listName=IssueReviewerSelection&__windowType=popup&__forwardAttribute=reviewers"
1525293579466	Marionette	DEBUG	Received DOM event "unload" for "http://localhost:8080/arcm/list.do?__windowId=fe514a81-cf70-4b29-930d-318338c0c081&__commandId=initSelection&__listName=IssueReviewerSelection&__windowType=popup&__forwardAttribute=reviewers"
1525293579700	Marionette	DEBUG	Received observer notification "outer-window-destroyed" for "4294967322"
1525293579806	Marionette	DEBUG	Received DOM event "DOMContentLoaded" for "http://localhost:8080/arcm/list.do"
1525293579846	Marionette	DEBUG	Received DOM event "pageshow" for "http://localhost:8080/arcm/list.do"
1525293580305	Marionette	DEBUG	Canceled page load listener because no navigation has been detected
1525293580415	Marionette	DEBUG	Received DOM event "beforeunload" for "http://localhost:8080/arcm/list.do"
1525293580457	Marionette	DEBUG	Received DOM event "pagehide" for "http://localhost:8080/arcm/list.do"
1525293580458	Marionette	DEBUG	Received DOM event "unload" for "http://localhost:8080/arcm/list.do"
1525293580461	Marionette	DEBUG	Received observer notification "outer-window-destroyed" for "4294967325"
1525293580461	Marionette	DEBUG	Received observer notification "outer-window-destroyed" for "4294967319"
1525293583655	Marionette	DEBUG	Received DOM event "beforeunload" for "http://localhost:8080/arcm/object.do"
1525293583828	Marionette	DEBUG	Received DOM event "pagehide" for "http://localhost:8080/arcm/object.do"
1525293583828	Marionette	DEBUG	Received DOM event "unload" for "http://localhost:8080/arcm/object.do"
1525293583973	Marionette	DEBUG	Received observer notification "outer-window-destroyed" for "4294967315"
]]></system-err>
</testsuite>
